Note: The APT repositories point towards the destination.

Running check 'Phase 1: Preparation'
=================
APT Repositories:
=================
Repos:
  No active apt repos in: /etc/apt/sources.list
  Active apt repos in: /etc/apt/sources.list.d/additional-repositories.list
    1: deb https://screenrec.com/download/ubuntu stable main
  Active apt repos in: /etc/apt/sources.list.d/apandada1-curtail-jammy.list
    1: deb http://ppa.launchpad.net/apandada1/curtail/ubuntu noble main
  Active apt repos in: /etc/apt/sources.list.d/atareao-atareao-jammy.list
    1: deb [signed-by=/etc/apt/keyrings/atareao-atareao-jammy.gpg] https://ppa.launchpadcontent.net/atareao/atareao/ubuntu jammy main
  Active apt repos in: /etc/apt/sources.list.d/atareao-telegram-jammy.list
    1: deb http://ppa.launchpad.net/atareao/telegram/ubuntu noble main
  Active apt repos in: /etc/apt/sources.list.d/brave-browser-release.list
    1: deb [signed-by=/usr/share/keyrings/brave-browser-archive-keyring.gpg arch=amd64] https://brave-browser-apt-release.s3.brave.com/ stable main
  No active apt repos in: /etc/apt/sources.list.d/easymodo-qimgv-jammy.list
  No active apt repos in: /etc/apt/sources.list.d/element-io.list
  Active apt repos in: /etc/apt/sources.list.d/font-manager-staging-jammy.list
    1: deb [signed-by=/etc/apt/keyrings/font-manager-staging-jammy.gpg] https://ppa.launchpadcontent.net/font-manager/staging/ubuntu jammy main
  Active apt repos in: /etc/apt/sources.list.d/gottcode-gcppa-jammy.list
    1: deb [signed-by=/etc/apt/keyrings/gottcode-gcppa-jammy.gpg] https://ppa.launchpadcontent.net/gottcode/gcppa/ubuntu jammy main
  Active apt repos in: /etc/apt/sources.list.d/hluk-copyq-jammy.list
    1: deb http://ppa.launchpad.net/hluk/copyq/ubuntu noble main
  No active apt repos in: /etc/apt/sources.list.d/home:hawkeye116477:waterfox.list
  Active apt repos in: /etc/apt/sources.list.d/inkscape_dev-stable-jammy.list
    1: deb [arch=amd64 signed-by=/etc/apt/keyrings/inkscape_dev-stable-jammy.gpg] https://ppa.launchpadcontent.net/inkscape.dev/stable/ubuntu jammy main
  No active apt repos in: /etc/apt/sources.list.d/kxstudio-debian-ppas-2.list
  No active apt repos in: /etc/apt/sources.list.d/kxstudio-debian-ppas.list
  Active apt repos in: /etc/apt/sources.list.d/m-grant-prg-utils-jammy.list
    1: deb [signed-by=/etc/apt/keyrings/m-grant-prg-utils-jammy.gpg] https://ppa.launchpadcontent.net/m-grant-prg/utils/ubuntu jammy main
  Active apt repos in: /etc/apt/sources.list.d/maveonair-helix-editor-jammy.list
    1: deb [arch=amd64 signed-by=/etc/apt/keyrings/maveonair-helix-editor-jammy.gpg] https://ppa.launchpadcontent.net/maveonair/helix-editor/ubuntu jammy main
  No active apt repos in: /etc/apt/sources.list.d/mozilla.list
  Active apt repos in: /etc/apt/sources.list.d/obsproject-obs-studio-jammy.list
    1: deb http://ppa.launchpad.net/obsproject/obs-studio/ubuntu noble main
  Active apt repos in: /etc/apt/sources.list.d/official-package-repositories.list
    1: deb http://packages.linuxmint.com wilma main upstream import backport
    2: deb http://archive.ubuntu.com/ubuntu noble main restricted universe multiverse
    3: deb http://archive.ubuntu.com/ubuntu noble-updates main restricted universe multiverse
    4: deb http://archive.ubuntu.com/ubuntu noble-backports main restricted universe multiverse
    5: deb http://security.ubuntu.com/ubuntu/ noble-security main restricted universe multiverse
  No active apt repos in: /etc/apt/sources.list.d/ozmartian-apps-jammy.list
  No active apt repos in: /etc/apt/sources.list.d/signal-xenial.list
  Active apt repos in: /etc/apt/sources.list.d/spotify.list
    1: deb http://repository.spotify.com stable non-free
  No active apt repos in: /etc/apt/sources.list.d/sublime-text.list
  Active apt repos in: /etc/apt/sources.list.d/tomtomtom-yt-dlp-jammy.list
    1: deb [signed-by=/etc/apt/keyrings/tomtomtom-yt-dlp-jammy.gpg] https://ppa.launchpadcontent.net/tomtomtom/yt-dlp/ubuntu jammy main
  Active apt repos in: /etc/apt/sources.list.d/vivaldi.list
    1: deb [arch=amd64] https://repo.vivaldi.com/stable/deb/ stable main
  No active apt repos in: /etc/apt/sources.list.d/wereturtle-ppa-jammy.list
  Active apt repos in: /etc/apt/sources.list.d/yktooo-ppa-jammy.list
    1: deb [signed-by=/etc/apt/keyrings/yktooo-ppa-jammy.gpg] https://ppa.launchpadcontent.net/yktooo/ppa/ubuntu jammy main
=================

Running check 'Linux Mint version'
Check succeeded:  Linux Mint version

Running check 'Power source'
Check succeeded:  Power source

Running check 'System snapshots'
Check succeeded:  System snapshots

Running check 'Held packages'
Check succeeded:  Held packages

Running check 'Package repositories'
Mint repository last modified on 2024-12-09 23:51:00
Check succeeded:  Package repositories

Running check 'Phase 2: Simulation and download'
=================
APT Repositories:
=================
Repos:
  No active apt repos in: /etc/apt/sources.list
  Active apt repos in: /etc/apt/sources.list.d/additional-repositories.list
    1: deb https://screenrec.com/download/ubuntu stable main
  Active apt repos in: /etc/apt/sources.list.d/apandada1-curtail-jammy.list
    1: deb http://ppa.launchpad.net/apandada1/curtail/ubuntu noble main
  Active apt repos in: /etc/apt/sources.list.d/atareao-atareao-jammy.list
    1: deb [signed-by=/etc/apt/keyrings/atareao-atareao-jammy.gpg] https://ppa.launchpadcontent.net/atareao/atareao/ubuntu jammy main
  Active apt repos in: /etc/apt/sources.list.d/atareao-telegram-jammy.list
    1: deb http://ppa.launchpad.net/atareao/telegram/ubuntu noble main
  Active apt repos in: /etc/apt/sources.list.d/brave-browser-release.list
    1: deb [signed-by=/usr/share/keyrings/brave-browser-archive-keyring.gpg arch=amd64] https://brave-browser-apt-release.s3.brave.com/ stable main
  No active apt repos in: /etc/apt/sources.list.d/easymodo-qimgv-jammy.list
  No active apt repos in: /etc/apt/sources.list.d/element-io.list
  Active apt repos in: /etc/apt/sources.list.d/font-manager-staging-jammy.list
    1: deb [signed-by=/etc/apt/keyrings/font-manager-staging-jammy.gpg] https://ppa.launchpadcontent.net/font-manager/staging/ubuntu jammy main
  Active apt repos in: /etc/apt/sources.list.d/gottcode-gcppa-jammy.list
    1: deb [signed-by=/etc/apt/keyrings/gottcode-gcppa-jammy.gpg] https://ppa.launchpadcontent.net/gottcode/gcppa/ubuntu jammy main
  Active apt repos in: /etc/apt/sources.list.d/hluk-copyq-jammy.list
    1: deb http://ppa.launchpad.net/hluk/copyq/ubuntu noble main
  No active apt repos in: /etc/apt/sources.list.d/home:hawkeye116477:waterfox.list
  Active apt repos in: /etc/apt/sources.list.d/inkscape_dev-stable-jammy.list
    1: deb [arch=amd64 signed-by=/etc/apt/keyrings/inkscape_dev-stable-jammy.gpg] https://ppa.launchpadcontent.net/inkscape.dev/stable/ubuntu jammy main
  No active apt repos in: /etc/apt/sources.list.d/kxstudio-debian-ppas-2.list
  No active apt repos in: /etc/apt/sources.list.d/kxstudio-debian-ppas.list
  Active apt repos in: /etc/apt/sources.list.d/m-grant-prg-utils-jammy.list
    1: deb [signed-by=/etc/apt/keyrings/m-grant-prg-utils-jammy.gpg] https://ppa.launchpadcontent.net/m-grant-prg/utils/ubuntu jammy main
  Active apt repos in: /etc/apt/sources.list.d/maveonair-helix-editor-jammy.list
    1: deb [arch=amd64 signed-by=/etc/apt/keyrings/maveonair-helix-editor-jammy.gpg] https://ppa.launchpadcontent.net/maveonair/helix-editor/ubuntu jammy main
  No active apt repos in: /etc/apt/sources.list.d/mozilla.list
  Active apt repos in: /etc/apt/sources.list.d/obsproject-obs-studio-jammy.list
    1: deb http://ppa.launchpad.net/obsproject/obs-studio/ubuntu noble main
  Active apt repos in: /etc/apt/sources.list.d/official-package-repositories.list
    1: deb http://packages.linuxmint.com wilma main upstream import backport
    2: deb http://archive.ubuntu.com/ubuntu noble main restricted universe multiverse
    3: deb http://archive.ubuntu.com/ubuntu noble-updates main restricted universe multiverse
    4: deb http://archive.ubuntu.com/ubuntu noble-backports main restricted universe multiverse
    5: deb http://security.ubuntu.com/ubuntu/ noble-security main restricted universe multiverse
  No active apt repos in: /etc/apt/sources.list.d/ozmartian-apps-jammy.list
  No active apt repos in: /etc/apt/sources.list.d/signal-xenial.list
  Active apt repos in: /etc/apt/sources.list.d/spotify.list
    1: deb http://repository.spotify.com stable non-free
  No active apt repos in: /etc/apt/sources.list.d/sublime-text.list
  Active apt repos in: /etc/apt/sources.list.d/tomtomtom-yt-dlp-jammy.list
    1: deb [signed-by=/etc/apt/keyrings/tomtomtom-yt-dlp-jammy.gpg] https://ppa.launchpadcontent.net/tomtomtom/yt-dlp/ubuntu jammy main
  Active apt repos in: /etc/apt/sources.list.d/vivaldi.list
    1: deb [arch=amd64] https://repo.vivaldi.com/stable/deb/ stable main
  No active apt repos in: /etc/apt/sources.list.d/wereturtle-ppa-jammy.list
  Active apt repos in: /etc/apt/sources.list.d/yktooo-ppa-jammy.list
    1: deb [signed-by=/etc/apt/keyrings/yktooo-ppa-jammy.gpg] https://ppa.launchpadcontent.net/yktooo/ppa/ubuntu jammy main
=================

Running check 'Package repositories'
Switching https://ppa.launchpadcontent.net/m-grant-prg/utils/ubuntu to noble
http://ppa.launchpad.net/hluk/copyq/ubuntu already points to noble
http://ppa.launchpad.net/atareao/telegram/ubuntu already points to noble
Switching https://ppa.launchpadcontent.net/tomtomtom/yt-dlp/ubuntu to noble
http://ppa.launchpad.net/obsproject/obs-studio/ubuntu already points to noble
Switching https://ppa.launchpadcontent.net/inkscape.dev/stable/ubuntu to noble
Switching https://ppa.launchpadcontent.net/maveonair/helix-editor/ubuntu to noble
http://ppa.launchpad.net/apandada1/curtail/ubuntu already points to noble
Switching https://ppa.launchpadcontent.net/atareao/atareao/ubuntu to noble
http://packages.linuxmint.com already points to wilma
http://archive.ubuntu.com/ubuntu already points to noble
http://archive.ubuntu.com/ubuntu already points to noble-updates
http://archive.ubuntu.com/ubuntu already points to noble-backports
http://security.ubuntu.com/ubuntu/ already points to noble-security
Switching https://ppa.launchpadcontent.net/yktooo/ppa/ubuntu to noble
Switching https://ppa.launchpadcontent.net/gottcode/gcppa/ubuntu to noble
Switching https://ppa.launchpadcontent.net/font-manager/staging/ubuntu to noble
Check succeeded:  Package repositories

Running check 'APT cache'
rm -rf /var/lib/apt/lists/*
DEBIAN_PRIORITY=critical apt-get update
Get:1 http://ppa.launchpad.net/apandada1/curtail/ubuntu noble InRelease [18.1 kB]
Get:2 http://security.ubuntu.com/ubuntu noble-security InRelease [126 kB]
Get:3 http://ppa.launchpad.net/atareao/telegram/ubuntu noble InRelease [18.0 kB]
Get:4 http://repository.spotify.com stable InRelease [3316 B]
Get:5 http://ppa.launchpad.net/hluk/copyq/ubuntu noble InRelease [17.8 kB]
Get:6 https://brave-browser-apt-release.s3.brave.com stable InRelease [7546 B]
Get:7 http://ppa.launchpad.net/obsproject/obs-studio/ubuntu noble InRelease [17.8 kB]
Get:8 https://screenrec.com/download/ubuntu stable InRelease [5901 B]
Get:9 http://archive.ubuntu.com/ubuntu noble InRelease [256 kB]
Ign:10 https://repo.vivaldi.com/stable/deb stable InRelease
Get:11 https://ppa.launchpadcontent.net/atareao/atareao/ubuntu jammy InRelease [18.3 kB]
Ign:12 http://packages.linuxmint.com wilma InRelease
Get:13 https://repo.vivaldi.com/stable/deb stable Release [3840 B]
Get:14 https://ppa.launchpadcontent.net/font-manager/staging/ubuntu jammy InRelease [24.3 kB]
Get:15 https://repo.vivaldi.com/stable/deb stable Release.gpg [833 B]
Get:16 https://ppa.launchpadcontent.net/gottcode/gcppa/ubuntu jammy InRelease [18.3 kB]
Get:17 http://ppa.launchpad.net/apandada1/curtail/ubuntu noble/main amd64 Packages [716 B]
Get:18 https://ppa.launchpadcontent.net/inkscape.dev/stable/ubuntu jammy InRelease [18.3 kB]
Get:19 http://ppa.launchpad.net/apandada1/curtail/ubuntu noble/main i386 Packages [520 B]
Get:20 http://ppa.launchpad.net/apandada1/curtail/ubuntu noble/main Translation-en [472 B]
Get:21 https://ppa.launchpadcontent.net/m-grant-prg/utils/ubuntu jammy InRelease [18.3 kB]
Get:22 http://packages.linuxmint.com wilma Release [27.6 kB]
Get:23 https://ppa.launchpadcontent.net/maveonair/helix-editor/ubuntu jammy InRelease [18.0 kB]
Get:24 https://ppa.launchpadcontent.net/tomtomtom/yt-dlp/ubuntu jammy InRelease [18.0 kB]
Get:25 https://ppa.launchpadcontent.net/yktooo/ppa/ubuntu jammy InRelease [18.3 kB]
Get:26 http://repository.spotify.com stable/non-free amd64 Packages [1646 B]
Get:27 http://repository.spotify.com stable/non-free i386 Packages [1171 B]
Get:28 http://packages.linuxmint.com wilma Release.gpg [833 B]
Get:29 http://ppa.launchpad.net/atareao/telegram/ubuntu noble/main amd64 Packages [452 B]
Get:30 http://ppa.launchpad.net/atareao/telegram/ubuntu noble/main i386 Packages [456 B]
Get:31 http://ppa.launchpad.net/atareao/telegram/ubuntu noble/main Translation-en [184 B]
Get:32 http://archive.ubuntu.com/ubuntu noble-updates InRelease [126 kB]
Get:33 http://ppa.launchpad.net/hluk/copyq/ubuntu noble/main amd64 Packages [632 B]
Get:34 http://ppa.launchpad.net/hluk/copyq/ubuntu noble/main Translation-en [692 B]
Get:35 https://brave-browser-apt-release.s3.brave.com stable/main amd64 Packages [17.6 kB]
Get:36 http://archive.ubuntu.com/ubuntu noble-backports InRelease [126 kB]
Get:37 http://ppa.launchpad.net/obsproject/obs-studio/ubuntu noble/main amd64 Packages [1188 B]
Get:38 http://ppa.launchpad.net/obsproject/obs-studio/ubuntu noble/main Translation-en [160 B]
Get:39 http://security.ubuntu.com/ubuntu noble-security/main i386 Packages [204 kB]
Get:40 http://security.ubuntu.com/ubuntu noble-security/main amd64 Packages [501 kB]
Get:41 https://screenrec.com/download/ubuntu stable/main amd64 Packages [1334 B]
Get:42 http://security.ubuntu.com/ubuntu noble-security/main Translation-en [102 kB]
Get:43 http://security.ubuntu.com/ubuntu noble-security/main amd64 DEP-11 Metadata [7232 B]
Get:44 http://security.ubuntu.com/ubuntu noble-security/main amd64 c-n-f Metadata [5892 B]
Get:45 http://security.ubuntu.com/ubuntu noble-security/restricted amd64 Packages [482 kB]
Get:46 https://ppa.launchpadcontent.net/atareao/atareao/ubuntu jammy/main i386 Packages [8732 B]
Get:47 https://ppa.launchpadcontent.net/atareao/atareao/ubuntu jammy/main amd64 Packages [8732 B]
Get:48 https://ppa.launchpadcontent.net/atareao/atareao/ubuntu jammy/main Translation-en [4728 B]
Get:49 http://security.ubuntu.com/ubuntu noble-security/restricted i386 Packages [14.0 kB]
Get:50 http://security.ubuntu.com/ubuntu noble-security/restricted Translation-en [93.1 kB]
Get:51 http://security.ubuntu.com/ubuntu noble-security/restricted amd64 DEP-11 Metadata [212 B]
Get:52 http://security.ubuntu.com/ubuntu noble-security/restricted amd64 c-n-f Metadata [424 B]
Get:53 http://security.ubuntu.com/ubuntu noble-security/universe i386 Packages [357 kB]
Get:54 https://ppa.launchpadcontent.net/font-manager/staging/ubuntu jammy/main amd64 Packages [1524 B]
Get:55 https://ppa.launchpadcontent.net/font-manager/staging/ubuntu jammy/main Translation-en [952 B]
Get:56 http://security.ubuntu.com/ubuntu noble-security/universe amd64 Packages [564 kB]
Get:57 https://repo.vivaldi.com/stable/deb stable/main amd64 Packages [1146 B]
Get:58 https://ppa.launchpadcontent.net/gottcode/gcppa/ubuntu jammy/main amd64 Packages [2832 B]
Get:59 https://ppa.launchpadcontent.net/gottcode/gcppa/ubuntu jammy/main i386 Packages [680 B]
Get:60 https://ppa.launchpadcontent.net/gottcode/gcppa/ubuntu jammy/main Translation-en [2724 B]
Get:61 http://security.ubuntu.com/ubuntu noble-security/universe Translation-en [150 kB]
Get:62 https://ppa.launchpadcontent.net/inkscape.dev/stable/ubuntu jammy/main amd64 Packages [1168 B]
Get:63 http://security.ubuntu.com/ubuntu noble-security/universe amd64 DEP-11 Metadata [51.9 kB]
Get:64 http://security.ubuntu.com/ubuntu noble-security/universe amd64 c-n-f Metadata [13.5 kB]
Get:65 http://security.ubuntu.com/ubuntu noble-security/multiverse amd64 Packages [12.2 kB]
Get:66 http://security.ubuntu.com/ubuntu noble-security/multiverse i386 Packages [2572 B]
Get:67 http://security.ubuntu.com/ubuntu noble-security/multiverse Translation-en [2940 B]
Get:68 https://ppa.launchpadcontent.net/inkscape.dev/stable/ubuntu jammy/main Translation-en [692 B]
Get:69 http://security.ubuntu.com/ubuntu noble-security/multiverse amd64 DEP-11 Metadata [212 B]
Get:70 http://security.ubuntu.com/ubuntu noble-security/multiverse amd64 c-n-f Metadata [356 B]
Get:71 https://ppa.launchpadcontent.net/m-grant-prg/utils/ubuntu jammy/main amd64 Packages [7164 B]
Get:72 https://ppa.launchpadcontent.net/m-grant-prg/utils/ubuntu jammy/main i386 Packages [4844 B]
Get:73 https://ppa.launchpadcontent.net/m-grant-prg/utils/ubuntu jammy/main Translation-en [3276 B]
Get:74 https://ppa.launchpadcontent.net/maveonair/helix-editor/ubuntu jammy/main amd64 Packages [492 B]
Get:75 https://ppa.launchpadcontent.net/maveonair/helix-editor/ubuntu jammy/main Translation-en [212 B]
Get:76 https://ppa.launchpadcontent.net/tomtomtom/yt-dlp/ubuntu jammy/main i386 Packages [548 B]
Get:77 https://ppa.launchpadcontent.net/tomtomtom/yt-dlp/ubuntu jammy/main amd64 Packages [548 B]
Get:78 https://ppa.launchpadcontent.net/tomtomtom/yt-dlp/ubuntu jammy/main Translation-en [7544 B]
Get:79 https://ppa.launchpadcontent.net/yktooo/ppa/ubuntu jammy/main amd64 Packages [524 B]
Get:80 https://ppa.launchpadcontent.net/yktooo/ppa/ubuntu jammy/main i386 Packages [524 B]
Get:81 https://ppa.launchpadcontent.net/yktooo/ppa/ubuntu jammy/main Translation-en [368 B]
Get:82 http://packages.linuxmint.com wilma/main i386 Packages [16.4 kB]
Get:83 http://archive.ubuntu.com/ubuntu noble/main amd64 Packages [1401 kB]
Get:84 http://packages.linuxmint.com wilma/main amd64 Packages [17.0 kB]
Get:85 http://packages.linuxmint.com wilma/upstream amd64 Packages [51.3 kB]
Get:86 http://packages.linuxmint.com wilma/upstream i386 Packages [21.2 kB]
Get:87 http://packages.linuxmint.com wilma/import i386 Packages [3200 B]
Get:88 http://packages.linuxmint.com wilma/import amd64 Packages [5524 B]
Get:89 http://packages.linuxmint.com wilma/backport i386 Packages [5152 B]
Get:90 http://packages.linuxmint.com wilma/backport amd64 Packages [24.5 kB]
Get:91 http://archive.ubuntu.com/ubuntu noble/main i386 Packages [1041 kB]
Get:92 http://archive.ubuntu.com/ubuntu noble/main Translation-en [513 kB]
Get:93 http://archive.ubuntu.com/ubuntu noble/main amd64 DEP-11 Metadata [464 kB]
Get:94 http://archive.ubuntu.com/ubuntu noble/main amd64 c-n-f Metadata [30.5 kB]
Get:95 http://archive.ubuntu.com/ubuntu noble/restricted amd64 Packages [93.9 kB]
Get:96 http://archive.ubuntu.com/ubuntu noble/restricted i386 Packages [14.7 kB]
Get:97 http://archive.ubuntu.com/ubuntu noble/restricted Translation-en [18.7 kB]
Get:98 http://archive.ubuntu.com/ubuntu noble/restricted amd64 c-n-f Metadata [416 B]
Get:99 http://archive.ubuntu.com/ubuntu noble/universe i386 Packages [8514 kB]
Get:100 http://archive.ubuntu.com/ubuntu noble/universe amd64 Packages [15.0 MB]
Get:101 http://archive.ubuntu.com/ubuntu noble/universe Translation-en [5982 kB]
Get:102 http://archive.ubuntu.com/ubuntu noble/universe amd64 DEP-11 Metadata [3871 kB]
Get:103 http://archive.ubuntu.com/ubuntu noble/universe amd64 c-n-f Metadata [301 kB]
Get:104 http://archive.ubuntu.com/ubuntu noble/multiverse amd64 Packages [269 kB]
Get:105 http://archive.ubuntu.com/ubuntu noble/multiverse i386 Packages [126 kB]
Get:106 http://archive.ubuntu.com/ubuntu noble/multiverse Translation-en [118 kB]
Get:107 http://archive.ubuntu.com/ubuntu noble/multiverse amd64 DEP-11 Metadata [35.0 kB]
Get:108 http://archive.ubuntu.com/ubuntu noble/multiverse amd64 c-n-f Metadata [8328 B]
Get:109 http://archive.ubuntu.com/ubuntu noble-updates/main amd64 Packages [690 kB]
Get:110 http://archive.ubuntu.com/ubuntu noble-updates/main i386 Packages [343 kB]
Get:111 http://archive.ubuntu.com/ubuntu noble-updates/main Translation-en [160 kB]
Get:112 http://archive.ubuntu.com/ubuntu noble-updates/main amd64 DEP-11 Metadata [132 kB]
Get:113 http://archive.ubuntu.com/ubuntu noble-updates/main amd64 c-n-f Metadata [10.4 kB]
Get:114 http://archive.ubuntu.com/ubuntu noble-updates/restricted i386 Packages [14.3 kB]
Get:115 http://archive.ubuntu.com/ubuntu noble-updates/restricted amd64 Packages [528 kB]
Get:116 http://archive.ubuntu.com/ubuntu noble-updates/restricted Translation-en [102 kB]
Get:117 http://archive.ubuntu.com/ubuntu noble-updates/restricted amd64 DEP-11 Metadata [212 B]
Get:118 http://archive.ubuntu.com/ubuntu noble-updates/restricted amd64 c-n-f Metadata [424 B]
Get:119 http://archive.ubuntu.com/ubuntu noble-updates/universe amd64 Packages [726 kB]
Get:120 http://archive.ubuntu.com/ubuntu noble-updates/universe i386 Packages [445 kB]
Get:121 http://archive.ubuntu.com/ubuntu noble-updates/universe Translation-en [216 kB]
Get:122 http://archive.ubuntu.com/ubuntu noble-updates/universe amd64 DEP-11 Metadata [310 kB]
Get:123 http://archive.ubuntu.com/ubuntu noble-updates/universe amd64 c-n-f Metadata [19.9 kB]
Get:124 http://archive.ubuntu.com/ubuntu noble-updates/multiverse amd64 Packages [16.0 kB]
Get:125 http://archive.ubuntu.com/ubuntu noble-updates/multiverse i386 Packages [3120 B]
Get:126 http://archive.ubuntu.com/ubuntu noble-updates/multiverse Translation-en [3844 B]
Get:127 http://archive.ubuntu.com/ubuntu noble-updates/multiverse amd64 DEP-11 Metadata [940 B]
Get:128 http://archive.ubuntu.com/ubuntu noble-updates/multiverse amd64 c-n-f Metadata [552 B]
Get:129 http://archive.ubuntu.com/ubuntu noble-backports/main amd64 DEP-11 Metadata [208 B]
Get:130 http://archive.ubuntu.com/ubuntu noble-backports/main amd64 c-n-f Metadata [112 B]
Get:131 http://archive.ubuntu.com/ubuntu noble-backports/restricted amd64 DEP-11 Metadata [216 B]
Get:132 http://archive.ubuntu.com/ubuntu noble-backports/restricted amd64 c-n-f Metadata [116 B]
Get:133 http://archive.ubuntu.com/ubuntu noble-backports/universe i386 Packages [5664 B]
Get:134 http://archive.ubuntu.com/ubuntu noble-backports/universe amd64 Packages [10.7 kB]
Get:135 http://archive.ubuntu.com/ubuntu noble-backports/universe Translation-en [10.8 kB]
Get:136 http://archive.ubuntu.com/ubuntu noble-backports/universe amd64 DEP-11 Metadata [11.7 kB]
Get:137 http://archive.ubuntu.com/ubuntu noble-backports/universe amd64 c-n-f Metadata [1104 B]
Get:138 http://archive.ubuntu.com/ubuntu noble-backports/multiverse amd64 DEP-11 Metadata [212 B]
Get:139 http://archive.ubuntu.com/ubuntu noble-backports/multiverse amd64 c-n-f Metadata [116 B]
Fetched 45.3 MB in 11s (4062 kB/s)
Reading package lists...
W: http://ppa.launchpad.net/apandada1/curtail/ubuntu/dists/noble/InRelease: Key is stored in legacy trusted.gpg keyring (/etc/apt/trusted.gpg), see the DEPRECATION section in apt-key(8) for details.
W: http://ppa.launchpad.net/atareao/telegram/ubuntu/dists/noble/InRelease: Key is stored in legacy trusted.gpg keyring (/etc/apt/trusted.gpg), see the DEPRECATION section in apt-key(8) for details.
W: http://ppa.launchpad.net/hluk/copyq/ubuntu/dists/noble/InRelease: Key is stored in legacy trusted.gpg keyring (/etc/apt/trusted.gpg), see the DEPRECATION section in apt-key(8) for details.
W: http://ppa.launchpad.net/obsproject/obs-studio/ubuntu/dists/noble/InRelease: Key is stored in legacy trusted.gpg keyring (/etc/apt/trusted.gpg), see the DEPRECATION section in apt-key(8) for details.
W: https://screenrec.com/download/ubuntu/dists/stable/InRelease: Key is stored in legacy trusted.gpg keyring (/etc/apt/trusted.gpg), see the DEPRECATION section in apt-key(8) for details.
Check succeeded:  APT cache

Running check 'Upgrade simulation'
mintupgrade-inhibit-power: no process found
